[0;33m--- esp-idf-monitor 1.3.1 on /dev/ttyUSB0 115200 ---[0m
[0;33m--- Quit: Ctrl+] | Menu: Ctrl+T | Help: Ctrl+T followed by Ctrl+H ---[0m
[0;33m0x40080400: _init at ??:?
[0m
[0;33m0x400d56cf: example_dac_continuous_by_dma at /home/matiasnd/awg/ESP_code/components/dac_cont_func/dac_cont_func.c:79 (discriminator 1)
[0m
[0;33m0x40085d1f: _esp_error_check_failed at /home/matiasnd/esp/esp-idf/components/esp_system/esp_err.c:50
[0m
[0;33m0x400816c2: panic_abort at /home/matiasnd/esp/esp-idf/components/esp_system/panic.c:452
[0m
[0;33m0x40085d29: esp_system_abort at /home/matiasnd/esp/esp-idf/components/esp_system/port/esp_system_chip.c:93
[0m
[0;33m0x4008b20a: abort at /home/matiasnd/esp/esp-idf/components/newlib/abort.c:38
[0m
[0;33m0x40085d1f: _esp_error_check_failed at /home/matiasnd/esp/esp-idf/components/esp_system/esp_err.c:50
[0m
[0;33m0x400d56cf: example_dac_continuous_by_dma at /home/matiasnd/awg/ESP_code/components/dac_cont_func/dac_cont_func.c:79 (discriminator 1)
[0m
[0;33m0x400d54e9: app_main at /home/matiasnd/awg/ESP_code/main/main.c:57 (discriminator 1)
[0m
[0;33m0x400e5f6c: main_task at /home/matiasnd/esp/esp-idf/components/freertos/app_startup.c:208 (discriminator 13)
[0m
[0;33m0x400867c1: vPortTaskWrapper at /home/matiasnd/esp/esp-idf/components/freertos/FreeRTOS-Kernel/portable/xtensa/port.c:162
[0m
[0;33m0x40080400: _init at ??:?
[0m
[0;33m0x400d56cf: example_dac_continuous_by_dma at /home/matiasnd/awg/ESP_code/components/dac_cont_func/dac_cont_func.c:79 (discriminator 1)
[0m
[0;33m0x40085d1f: _esp_error_check_failed at /home/matiasnd/esp/esp-idf/components/esp_system/esp_err.c:50
[0m
[0;33m0x400816c2: panic_abort at /home/matiasnd/esp/esp-idf/components/esp_system/panic.c:452
[0m
[0;33m0x40085d29: esp_system_abort at /home/matiasnd/esp/esp-idf/components/esp_system/port/esp_system_chip.c:93
[0m
[0;33m0x4008b20a: abort at /home/matiasnd/esp/esp-idf/components/newlib/abort.c:38
[0m
[0;33m0x40085d1f: _esp_error_check_failed at /home/matiasnd/esp/esp-idf/components/esp_system/esp_err.c:50
[0m
[0;33m0x400d56cf: example_dac_continuous_by_dma at /home/matiasnd/awg/ESP_code/components/dac_cont_func/dac_cont_func.c:79 (discriminator 1)
[0m
[0;33m0x400d54e9: app_main at /home/matiasnd/awg/ESP_code/main/main.c:57 (discriminator 1)
[0m
[0;33m0x400e5f6c: main_task at /home/matiasnd/esp/esp-idf/components/freertos/app_startup.c:208 (discriminator 13)
[0m
[0;33m0x400867c1: vPortTaskWrapper at /home/matiasnd/esp/esp-idf/components/freertos/FreeRTOS-Kernel/portable/xtensa/port.c:162
[0m
[0;33m0x40080400: _init at ??:?
[0m
[0;33m0x400d56cf: example_dac_continuous_by_dma at /home/matiasnd/awg/ESP_code/components/dac_cont_func/dac_cont_func.c:79 (discriminator 1)
[0m
[0;33m0x40085d1f: _esp_error_check_failed at /home/matiasnd/esp/esp-idf/components/esp_system/esp_err.c:50
[0m
[0;33m0x400816c2: panic_abort at /home/matiasnd/esp/esp-idf/components/esp_system/panic.c:452
[0m
[0;33m0x40085d29: esp_system_abort at /home/matiasnd/esp/esp-idf/components/esp_system/port/esp_system_chip.c:93
[0m
[0;33m0x4008b20a: abort at /home/matiasnd/esp/esp-idf/components/newlib/abort.c:38
[0m
[0;33m0x40085d1f: _esp_error_check_failed at /home/matiasnd/esp/esp-idf/components/esp_system/esp_err.c:50
[0m
[0;33m0x400d56cf: example_dac_continuous_by_dma at /home/matiasnd/awg/ESP_code/components/dac_cont_func/dac_cont_func.c:79 (discriminator 1)
[0m
[0;33m0x400d54e9: app_main at /home/matiasnd/awg/ESP_code/main/main.c:57 (discriminator 1)
[0m
[0;33m0x400e5f6c: main_task at /home/matiasnd/esp/esp-idf/components/freertos/app_startup.c:208 (discriminator 13)
[0m
[0;33m0x400867c1: vPortTaskWrapper at /home/matiasnd/esp/esp-idf/components/freertos/FreeRTOS-Kernel/portable/xtensa/port.c:162
[0m
[0;33m0x40080400: _init at ??:?
[0m
[0;33m0x400d56cf: example_dac_continuous_by_dma at /home/matiasnd/awg/ESP_code/components/dac_cont_func/dac_cont_func.c:79 (discriminator 1)
[0m
[0;33m0x40085d1f: _esp_error_check_failed at /home/matiasnd/esp/esp-idf/components/esp_system/esp_err.c:50
[0m
[0;33m0x400816c2: panic_abort at /home/matiasnd/esp/esp-idf/components/esp_system/panic.c:452
[0m
[0;33m0x40085d29: esp_system_abort at /home/matiasnd/esp/esp-idf/components/esp_system/port/esp_system_chip.c:93
[0m
[0;33m0x4008b20a: abort at /home/matiasnd/esp/esp-idf/components/newlib/abort.c:38
[0m
[0;33m0x40085d1f: _esp_error_check_failed at /home/matiasnd/esp/esp-idf/components/esp_system/esp_err.c:50
[0m
[0;33m0x400d56cf: example_dac_continuous_by_dma at /home/matiasnd/awg/ESP_code/components/dac_cont_func/dac_cont_func.c:79 (discriminator 1)
[0m
[0;33m0x400d54e9: app_main at /home/matiasnd/awg/ESP_code/main/main.c:57 (discriminator 1)
[0m
[0;33m0x400e5f6c: main_task at /home/matiasnd/esp/esp-idf/components/freertos/app_startup.c:208 (discriminator 13)
[0m
[0;33m0x400867c1: vPortTaskWrapper at /home/matiasnd/esp/esp-idf/components/freertos/FreeRTOS-Kernel/portable/xtensa/port.c:162
[0m
[0;33m0x40080400: _init at ??:?
[0m
[0;33m0x400d56cf: example_dac_continuous_by_dma at /home/matiasnd/awg/ESP_code/components/dac_cont_func/dac_cont_func.c:79 (discriminator 1)
[0m
[0;33m0x40085d1f: _esp_error_check_failed at /home/matiasnd/esp/esp-idf/components/esp_system/esp_err.c:50
[0m
[0;33m0x400816c2: panic_abort at /home/matiasnd/esp/esp-idf/components/esp_system/panic.c:452
[0m
[0;33m0x40085d29: esp_system_abort at /home/matiasnd/esp/esp-idf/components/esp_system/port/esp_system_chip.c:93
[0m
[0;33m0x4008b20a: abort at /home/matiasnd/esp/esp-idf/components/newlib/abort.c:38
[0m
[0;33m0x40085d1f: _esp_error_check_failed at /home/matiasnd/esp/esp-idf/components/esp_system/esp_err.c:50
[0m
[0;33m0x400d56cf: example_dac_continuous_by_dma at /home/matiasnd/awg/ESP_code/components/dac_cont_func/dac_cont_func.c:79 (discriminator 1)
[0m
[0;33m0x400d54e9: app_main at /home/matiasnd/awg/ESP_code/main/main.c:57 (discriminator 1)
[0m
[0;33m0x400e5f6c: main_task at /home/matiasnd/esp/esp-idf/components/freertos/app_startup.c:208 (discriminator 13)
[0m
[0;33m0x400867c1: vPortTaskWrapper at /home/matiasnd/esp/esp-idf/components/freertos/FreeRTOS-Kernel/portable/xtensa/port.c:162
[0m
[0;33m0x40080400: _init at ??:?
[0m
[0;33m0x400d56cf: example_dac_continuous_by_dma at /home/matiasnd/awg/ESP_code/components/dac_cont_func/dac_cont_func.c:79 (discriminator 1)
[0m
[0;33m0x40085d1f: _esp_error_check_failed at /home/matiasnd/esp/esp-idf/components/esp_system/esp_err.c:50
[0m
[0;33m0x400816c2: panic_abort at /home/matiasnd/esp/esp-idf/components/esp_system/panic.c:452
[0m
[0;33m0x40085d29: esp_system_abort at /home/matiasnd/esp/esp-idf/components/esp_system/port/esp_system_chip.c:93
[0m
[0;33m0x4008b20a: abort at /home/matiasnd/esp/esp-idf/components/newlib/abort.c:38
[0m
[0;33m0x40085d1f: _esp_error_check_failed at /home/matiasnd/esp/esp-idf/components/esp_system/esp_err.c:50
[0m
[0;33m0x400d56cf: example_dac_continuous_by_dma at /home/matiasnd/awg/ESP_code/components/dac_cont_func/dac_cont_func.c:79 (discriminator 1)
[0m
[0;33m0x400d54e9: app_main at /home/matiasnd/awg/ESP_code/main/main.c:57 (discriminator 1)
[0m
[0;33m0x400e5f6c: main_task at /home/matiasnd/esp/esp-idf/components/freertos/app_startup.c:208 (discriminator 13)
[0m
[0;33m0x400867c1: vPortTaskWrapper at /home/matiasnd/esp/esp-idf/components/freertos/FreeRTOS-Kernel/portable/xtensa/port.c:162
[0m
[0;33m0x40080400: _init at ??:?
[0m
[0;33m0x400d56cf: example_dac_continuous_by_dma at /home/matiasnd/awg/ESP_code/components/dac_cont_func/dac_cont_func.c:79 (discriminator 1)
[0m
[0;33m0x40085d1f: _esp_error_check_failed at /home/matiasnd/esp/esp-idf/components/esp_system/esp_err.c:50
[0m
[0;33m0x400816c2: panic_abort at /home/matiasnd/esp/esp-idf/components/esp_system/panic.c:452
[0m
[0;33m0x40085d29: esp_system_abort at /home/matiasnd/esp/esp-idf/components/esp_system/port/esp_system_chip.c:93
[0m
[0;33m0x4008b20a: abort at /home/matiasnd/esp/esp-idf/components/newlib/abort.c:38
[0m
[0;33m0x40085d1f: _esp_error_check_failed at /home/matiasnd/esp/esp-idf/components/esp_system/esp_err.c:50
[0m
[0;33m0x400d56cf: example_dac_continuous_by_dma at /home/matiasnd/awg/ESP_code/components/dac_cont_func/dac_cont_func.c:79 (discriminator 1)
[0m
[0;33m0x400d54e9: app_main at /home/matiasnd/awg/ESP_code/main/main.c:57 (discriminator 1)
[0m
[0;33m0x400e5f6c: main_task at /home/matiasnd/esp/esp-idf/components/freertos/app_startup.c:208 (discriminator 13)
[0m
[0;33m0x400867c1: vPortTaskWrapper at /home/matiasnd/esp/esp-idf/components/freertos/FreeRTOS-Kernel/portable/xtensa/port.c:162
[0m
[0;33m0x40080400: _init at ??:?
[0m
[0;33m0x400d56cf: example_dac_continuous_by_dma at /home/matiasnd/awg/ESP_code/components/dac_cont_func/dac_cont_func.c:79 (discriminator 1)
[0m
[0;33m0x40085d1f: _esp_error_check_failed at /home/matiasnd/esp/esp-idf/components/esp_system/esp_err.c:50
[0m
[0;33m0x400816c2: panic_abort at /home/matiasnd/esp/esp-idf/components/esp_system/panic.c:452
[0m
[0;33m0x40085d29: esp_system_abort at /home/matiasnd/esp/esp-idf/components/esp_system/port/esp_system_chip.c:93
[0m
[0;33m0x4008b20a: abort at /home/matiasnd/esp/esp-idf/components/newlib/abort.c:38
[0m
[0;33m0x40085d1f: _esp_error_check_failed at /home/matiasnd/esp/esp-idf/components/esp_system/esp_err.c:50
[0m
[0;33m0x400d56cf: example_dac_continuous_by_dma at /home/matiasnd/awg/ESP_code/components/dac_cont_func/dac_cont_func.c:79 (discriminator 1)
[0m
[0;33m0x400d54e9: app_main at /home/matiasnd/awg/ESP_code/main/main.c:57 (discriminator 1)
[0m
[0;33m0x400e5f6c: main_task at /home/matiasnd/esp/esp-idf/components/freertos/app_startup.c:208 (discriminator 13)
[0m
[0;33m0x400867c1: vPortTaskWrapper at /home/matiasnd/esp/esp-idf/components/freertos/FreeRTOS-Kernel/portable/xtensa/port.c:162
[0m
[0;33m0x40080400: _init at ??:?
[0m
[0;33m0x400d56cf: example_dac_continuous_by_dma at /home/matiasnd/awg/ESP_code/components/dac_cont_func/dac_cont_func.c:79 (discriminator 1)
[0m
[0;33m0x40085d1f: _esp_error_check_failed at /home/matiasnd/esp/esp-idf/components/esp_system/esp_err.c:50
[0m
[0;33m0x400816c2: panic_abort at /home/matiasnd/esp/esp-idf/components/esp_system/panic.c:452
[0m
[0;33m0x40085d29: esp_system_abort at /home/matiasnd/esp/esp-idf/components/esp_system/port/esp_system_chip.c:93
[0m
[0;33m0x4008b20a: abort at /home/matiasnd/esp/esp-idf/components/newlib/abort.c:38
[0m
[0;33m0x40085d1f: _esp_error_check_failed at /home/matiasnd/esp/esp-idf/components/esp_system/esp_err.c:50
[0m
[0;33m0x400d56cf: example_dac_continuous_by_dma at /home/matiasnd/awg/ESP_code/components/dac_cont_func/dac_cont_func.c:79 (discriminator 1)
[0m
[0;33m0x400d54e9: app_main at /home/matiasnd/awg/ESP_code/main/main.c:57 (discriminator 1)
[0m
[0;33m0x400e5f6c: main_task at /home/matiasnd/esp/esp-idf/components/freertos/app_startup.c:208 (discriminator 13)
[0m
[0;33m0x400867c1: vPortTaskWrapper at /home/matiasnd/esp/esp-idf/components/freertos/FreeRTOS-Kernel/portable/xtensa/port.c:162
[0m
[0;33m0x40080400: _init at ??:?
[0m
[0;33m0x400d56cf: example_dac_continuous_by_dma at /home/matiasnd/awg/ESP_code/components/dac_cont_func/dac_cont_func.c:79 (discriminator 1)
[0m
[0;33m0x40085d1f: _esp_error_check_failed at /home/matiasnd/esp/esp-idf/components/esp_system/esp_err.c:50
[0m
[0;33m0x400816c2: panic_abort at /home/matiasnd/esp/esp-idf/components/esp_system/panic.c:452
[0m
[0;33m0x40085d29: esp_system_abort at /home/matiasnd/esp/esp-idf/components/esp_system/port/esp_system_chip.c:93
[0m
[0;33m0x4008b20a: abort at /home/matiasnd/esp/esp-idf/components/newlib/abort.c:38
[0m
[0;33m0x40085d1f: _esp_error_check_failed at /home/matiasnd/esp/esp-idf/components/esp_system/esp_err.c:50
[0m
[0;33m0x400d56cf: example_dac_continuous_by_dma at /home/matiasnd/awg/ESP_code/components/dac_cont_func/dac_cont_func.c:79 (discriminator 1)
[0m
[0;33m0x400d54e9: app_main at /home/matiasnd/awg/ESP_code/main/main.c:57 (discriminator 1)
[0m
[0;33m0x400e5f6c: main_task at /home/matiasnd/esp/esp-idf/components/freertos/app_startup.c:208 (discriminator 13)
[0m
[0;33m0x400867c1: vPortTaskWrapper at /home/matiasnd/esp/esp-idf/components/freertos/FreeRTOS-Kernel/portable/xtensa/port.c:162
[0m
[0;33m0x40080400: _init at ??:?
[0m
[0;33m0x400d56cf: example_dac_continuous_by_dma at /home/matiasnd/awg/ESP_code/components/dac_cont_func/dac_cont_func.c:79 (discriminator 1)
[0m
[0;33m0x40085d1f: _esp_error_check_failed at /home/matiasnd/esp/esp-idf/components/esp_system/esp_err.c:50
[0m
[0;33m0x400816c2: panic_abort at /home/matiasnd/esp/esp-idf/components/esp_system/panic.c:452
[0m
[0;33m0x40085d29: esp_system_abort at /home/matiasnd/esp/esp-idf/components/esp_system/port/esp_system_chip.c:93
[0m
[0;33m0x4008b20a: abort at /home/matiasnd/esp/esp-idf/components/newlib/abort.c:38
[0m
[0;33m0x40085d1f: _esp_error_check_failed at /home/matiasnd/esp/esp-idf/components/esp_system/esp_err.c:50
[0m
[0;33m0x400d56cf: example_dac_continuous_by_dma at /home/matiasnd/awg/ESP_code/components/dac_cont_func/dac_cont_func.c:79 (discriminator 1)
[0m
[0;33m0x400d54e9: app_main at /home/matiasnd/awg/ESP_code/main/main.c:57 (discriminator 1)
[0m
[0;33m0x400e5f6c: main_task at /home/matiasnd/esp/esp-idf/components/freertos/app_startup.c:208 (discriminator 13)
[0m
[0;33m0x400867c1: vPortTaskWrapper at /home/matiasnd/esp/esp-idf/components/freertos/FreeRTOS-Kernel/portable/xtensa/port.c:162
[0m
[0;33m0x40080400: _init at ??:?
[0m
[0;33m0x400d56cf: example_dac_continuous_by_dma at /home/matiasnd/awg/ESP_code/components/dac_cont_func/dac_cont_func.c:79 (discriminator 1)
[0m
[0;33m0x40085d1f: _esp_error_check_failed at /home/matiasnd/esp/esp-idf/components/esp_system/esp_err.c:50
[0m
[0;33m0x400816c2: panic_abort at /home/matiasnd/esp/esp-idf/components/esp_system/panic.c:452
[0m
[0;33m0x40085d29: esp_system_abort at /home/matiasnd/esp/esp-idf/components/esp_system/port/esp_system_chip.c:93
[0m
[0;33m0x4008b20a: abort at /home/matiasnd/esp/esp-idf/components/newlib/abort.c:38
[0m
[0;33m0x40085d1f: _esp_error_check_failed at /home/matiasnd/esp/esp-idf/components/esp_system/esp_err.c:50
[0m
[0;33m0x400d56cf: example_dac_continuous_by_dma at /home/matiasnd/awg/ESP_code/components/dac_cont_func/dac_cont_func.c:79 (discriminator 1)
[0m
[0;33m0x400d54e9: app_main at /home/matiasnd/awg/ESP_code/main/main.c:57 (discriminator 1)
[0m
[0;33m0x400e5f6c: main_task at /home/matiasnd/esp/esp-idf/components/freertos/app_startup.c:208 (discriminator 13)
[0m
[0;33m0x400867c1: vPortTaskWrapper at /home/matiasnd/esp/esp-idf/components/freertos/FreeRTOS-Kernel/portable/xtensa/port.c:162
[0m
[0;33m0x40080400: _init at ??:?
[0m
[0;33m0x400d56cf: example_dac_continuous_by_dma at /home/matiasnd/awg/ESP_code/components/dac_cont_func/dac_cont_func.c:79 (discriminator 1)
[0m
[0;33m0x40085d1f: _esp_error_check_failed at /home/matiasnd/esp/esp-idf/components/esp_system/esp_err.c:50
[0m
[0;33m0x400816c2: panic_abort at /home/matiasnd/esp/esp-idf/components/esp_system/panic.c:452
[0m
[0;33m0x40085d29: esp_system_abort at /home/matiasnd/esp/esp-idf/components/esp_system/port/esp_system_chip.c:93
[0m
[0;33m0x4008b20a: abort at /home/matiasnd/esp/esp-idf/components/newlib/abort.c:38
[0m
[0;33m0x40085d1f: _esp_error_check_failed at /home/matiasnd/esp/esp-idf/components/esp_system/esp_err.c:50
[0m
[0;33m0x400d56cf: example_dac_continuous_by_dma at /home/matiasnd/awg/ESP_code/components/dac_cont_func/dac_cont_func.c:79 (discriminator 1)
[0m
[0;33m0x400d54e9: app_main at /home/matiasnd/awg/ESP_code/main/main.c:57 (discriminator 1)
[0m
[0;33m0x400e5f6c: main_task at /home/matiasnd/esp/esp-idf/components/freertos/app_startup.c:208 (discriminator 13)
[0m
[0;33m0x400867c1: vPortTaskWrapper at /home/matiasnd/esp/esp-idf/components/freertos/FreeRTOS-Kernel/portable/xtensa/port.c:162
[0m
[0;33m0x40080400: _init at ??:?
[0m
[0;33m0x400d56cf: example_dac_continuous_by_dma at /home/matiasnd/awg/ESP_code/components/dac_cont_func/dac_cont_func.c:79 (discriminator 1)
[0m
[0;33m0x40085d1f: _esp_error_check_failed at /home/matiasnd/esp/esp-idf/components/esp_system/esp_err.c:50
[0m
[0;33m0x400816c2: panic_abort at /home/matiasnd/esp/esp-idf/components/esp_system/panic.c:452
[0m
[0;33m0x40085d29: esp_system_abort at /home/matiasnd/esp/esp-idf/components/esp_system/port/esp_system_chip.c:93
[0m
[0;33m0x4008b20a: abort at /home/matiasnd/esp/esp-idf/components/newlib/abort.c:38
[0m
[0;33m0x40085d1f: _esp_error_check_failed at /home/matiasnd/esp/esp-idf/components/esp_system/esp_err.c:50
[0m
[0;33m0x400d56cf: example_dac_continuous_by_dma at /home/matiasnd/awg/ESP_code/components/dac_cont_func/dac_cont_func.c:79 (discriminator 1)
[0m
[0;33m0x400d54e9: app_main at /home/matiasnd/awg/ESP_code/main/main.c:57 (discriminator 1)
[0m
[0;33m0x400e5f6c: main_task at /home/matiasnd/esp/esp-idf/components/freertos/app_startup.c:208 (discriminator 13)
[0m
[0;33m0x400867c1: vPortTaskWrapper at /home/matiasnd/esp/esp-idf/components/freertos/FreeRTOS-Kernel/portable/xtensa/port.c:162
[0m
[0;33m0x40080400: _init at ??:?
[0m
[0;33m0x400d56cf: example_dac_continuous_by_dma at /home/matiasnd/awg/ESP_code/components/dac_cont_func/dac_cont_func.c:79 (discriminator 1)
[0m
[0;33m0x40085d1f: _esp_error_check_failed at /home/matiasnd/esp/esp-idf/components/esp_system/esp_err.c:50
[0m
[0;33m0x400816c2: panic_abort at /home/matiasnd/esp/esp-idf/components/esp_system/panic.c:452
[0m
[0;33m0x40085d29: esp_system_abort at /home/matiasnd/esp/esp-idf/components/esp_system/port/esp_system_chip.c:93
[0m
[0;33m0x4008b20a: abort at /home/matiasnd/esp/esp-idf/components/newlib/abort.c:38
[0m
[0;33m0x40085d1f: _esp_error_check_failed at /home/matiasnd/esp/esp-idf/components/esp_system/esp_err.c:50
[0m
[0;33m0x400d56cf: example_dac_continuous_by_dma at /home/matiasnd/awg/ESP_code/components/dac_cont_func/dac_cont_func.c:79 (discriminator 1)
[0m
[0;33m0x400d54e9: app_main at /home/matiasnd/awg/ESP_code/main/main.c:57 (discriminator 1)
[0m
[0;33m0x400e5f6c: main_task at /home/matiasnd/esp/esp-idf/components/freertos/app_startup.c:208 (discriminator 13)
[0m
[0;33m0x400867c1: vPortTaskWrapper at /home/matiasnd/esp/esp-idf/components/freertos/FreeRTOS-Kernel/portable/xtensa/port.c:162
[0m
[0;33m0x40080400: _init at ??:?
[0m
[0;33m0x400d56cf: example_dac_continuous_by_dma at /home/matiasnd/awg/ESP_code/components/dac_cont_func/dac_cont_func.c:79 (discriminator 1)
[0m
[0;33m0x40085d1f: _esp_error_check_failed at /home/matiasnd/esp/esp-idf/components/esp_system/esp_err.c:50
[0m
[0;33m0x400816c2: panic_abort at /home/matiasnd/esp/esp-idf/components/esp_system/panic.c:452
[0m
[0;33m0x40085d29: esp_system_abort at /home/matiasnd/esp/esp-idf/components/esp_system/port/esp_system_chip.c:93
[0m
[0;33m0x4008b20a: abort at /home/matiasnd/esp/esp-idf/components/newlib/abort.c:38
[0m
[0;33m0x40085d1f: _esp_error_check_failed at /home/matiasnd/esp/esp-idf/components/esp_system/esp_err.c:50
[0m
[0;33m0x400d56cf: example_dac_continuous_by_dma at /home/matiasnd/awg/ESP_code/components/dac_cont_func/dac_cont_func.c:79 (discriminator 1)
[0m
[0;33m0x400d54e9: app_main at /home/matiasnd/awg/ESP_code/main/main.c:57 (discriminator 1)
[0m
[0;33m0x400e5f6c: main_task at /home/matiasnd/esp/esp-idf/components/freertos/app_startup.c:208 (discriminator 13)
[0m
[0;33m0x400867c1: vPortTaskWrapper at /home/matiasnd/esp/esp-idf/components/freertos/FreeRTOS-Kernel/portable/xtensa/port.c:162
[0m
[0;33m0x40080400: _init at ??:?
[0m
[0;33m0x400d56cf: example_dac_continuous_by_dma at /home/matiasnd/awg/ESP_code/components/dac_cont_func/dac_cont_func.c:79 (discriminator 1)
[0m
[0;33m0x40085d1f: _esp_error_check_failed at /home/matiasnd/esp/esp-idf/components/esp_system/esp_err.c:50
[0m
[0;33m0x400816c2: panic_abort at /home/matiasnd/esp/esp-idf/components/esp_system/panic.c:452
[0m
[0;33m0x40085d29: esp_system_abort at /home/matiasnd/esp/esp-idf/components/esp_system/port/esp_system_chip.c:93
[0m
[0;33m0x4008b20a: abort at /home/matiasnd/esp/esp-idf/components/newlib/abort.c:38
[0m
[0;33m0x40085d1f: _esp_error_check_failed at /home/matiasnd/esp/esp-idf/components/esp_system/esp_err.c:50
[0m
[0;33m0x400d56cf: example_dac_continuous_by_dma at /home/matiasnd/awg/ESP_code/components/dac_cont_func/dac_cont_func.c:79 (discriminator 1)
[0m
[0;33m0x400d54e9: app_main at /home/matiasnd/awg/ESP_code/main/main.c:57 (discriminator 1)
[0m
[0;33m0x400e5f6c: main_task at /home/matiasnd/esp/esp-idf/components/freertos/app_startup.c:208 (discriminator 13)
[0m
[0;33m0x400867c1: vPortTaskWrapper at /home/matiasnd/esp/esp-idf/components/freertos/FreeRTOS-Kernel/portable/xtensa/port.c:162
[0m
[0;33m0x40080400: _init at ??:?
[0m
[0;33m0x400d56cf: example_dac_continuous_by_dma at /home/matiasnd/awg/ESP_code/components/dac_cont_func/dac_cont_func.c:79 (discriminator 1)
[0m
[0;33m0x40085d1f: _esp_error_check_failed at /home/matiasnd/esp/esp-idf/components/esp_system/esp_err.c:50
[0m
[0;33m0x400816c2: panic_abort at /home/matiasnd/esp/esp-idf/components/esp_system/panic.c:452
[0m
[0;33m0x40085d29: esp_system_abort at /home/matiasnd/esp/esp-idf/components/esp_system/port/esp_system_chip.c:93
[0m
[0;33m0x4008b20a: abort at /home/matiasnd/esp/esp-idf/components/newlib/abort.c:38
[0m
[0;33m0x40085d1f: _esp_error_check_failed at /home/matiasnd/esp/esp-idf/components/esp_system/esp_err.c:50
[0m
[0;33m0x400d56cf: example_dac_continuous_by_dma at /home/matiasnd/awg/ESP_code/components/dac_cont_func/dac_cont_func.c:79 (discriminator 1)
[0m
[0;33m0x400d54e9: app_main at /home/matiasnd/awg/ESP_code/main/main.c:57 (discriminator 1)
[0m
[0;33m0x400e5f6c: main_task at /home/matiasnd/esp/esp-idf/components/freertos/app_startup.c:208 (discriminator 13)
[0m
[0;33m0x400867c1: vPortTaskWrapper at /home/matiasnd/esp/esp-idf/components/freertos/FreeRTOS-Kernel/portable/xtensa/port.c:162
[0m
[0;33m0x40080400: _init at ??:?
[0m
[0;33m0x400d56cf: example_dac_continuous_by_dma at /home/matiasnd/awg/ESP_code/components/dac_cont_func/dac_cont_func.c:79 (discriminator 1)
[0m
[0;33m0x40085d1f: _esp_error_check_failed at /home/matiasnd/esp/esp-idf/components/esp_system/esp_err.c:50
[0m
[0;33m0x400816c2: panic_abort at /home/matiasnd/esp/esp-idf/components/esp_system/panic.c:452
[0m
[0;33m0x40085d29: esp_system_abort at /home/matiasnd/esp/esp-idf/components/esp_system/port/esp_system_chip.c:93
[0m
[0;33m0x4008b20a: abort at /home/matiasnd/esp/esp-idf/components/newlib/abort.c:38
[0m
[0;33m0x40085d1f: _esp_error_check_failed at /home/matiasnd/esp/esp-idf/components/esp_system/esp_err.c:50
[0m
[0;33m0x400d56cf: example_dac_continuous_by_dma at /home/matiasnd/awg/ESP_code/components/dac_cont_func/dac_cont_func.c:79 (discriminator 1)
[0m
[0;33m0x400d54e9: app_main at /home/matiasnd/awg/ESP_code/main/main.c:57 (discriminator 1)
[0m
[0;33m0x400e5f6c: main_task at /home/matiasnd/esp/esp-idf/components/freertos/app_startup.c:208 (discriminator 13)
[0m
[0;33m0x400867c1: vPortTaskWrapper at /home/matiasnd/esp/esp-idf/components/freertos/FreeRTOS-Kernel/portable/xtensa/port.c:162
[0m
[0;33m0x40080400: _init at ??:?
[0m
[0;33m0x400d56cf: example_dac_continuous_by_dma at /home/matiasnd/awg/ESP_code/components/dac_cont_func/dac_cont_func.c:79 (discriminator 1)
[0m
[0;33m0x40085d1f: _esp_error_check_failed at /home/matiasnd/esp/esp-idf/components/esp_system/esp_err.c:50
[0m
[0;33m0x400816c2: panic_abort at /home/matiasnd/esp/esp-idf/components/esp_system/panic.c:452
[0m
[0;33m0x40085d29: esp_system_abort at /home/matiasnd/esp/esp-idf/components/esp_system/port/esp_system_chip.c:93
[0m
[0;33m0x4008b20a: abort at /home/matiasnd/esp/esp-idf/components/newlib/abort.c:38
[0m
[0;33m0x40085d1f: _esp_error_check_failed at /home/matiasnd/esp/esp-idf/components/esp_system/esp_err.c:50
[0m
[0;33m0x400d56cf: example_dac_continuous_by_dma at /home/matiasnd/awg/ESP_code/components/dac_cont_func/dac_cont_func.c:79 (discriminator 1)
[0m
[0;33m0x400d54e9: app_main at /home/matiasnd/awg/ESP_code/main/main.c:57 (discriminator 1)
[0m
[0;33m0x400e5f6c: main_task at /home/matiasnd/esp/esp-idf/components/freertos/app_startup.c:208 (discriminator 13)
[0m
[0;33m0x400867c1: vPortTaskWrapper at /home/matiasnd/esp/esp-idf/components/freertos/FreeRTOS-Kernel/portable/xtensa/port.c:162
[0m
[0;33m0x40080400: _init at ??:?
[0m
[0;33m0x400d56cf: example_dac_continuous_by_dma at /home/matiasnd/awg/ESP_code/components/dac_cont_func/dac_cont_func.c:79 (discriminator 1)
[0m
[0;33m0x40085d1f: _esp_error_check_failed at /home/matiasnd/esp/esp-idf/components/esp_system/esp_err.c:50
[0m
[0;33m0x400816c2: panic_abort at /home/matiasnd/esp/esp-idf/components/esp_system/panic.c:452
[0m
[0;33m0x40085d29: esp_system_abort at /home/matiasnd/esp/esp-idf/components/esp_system/port/esp_system_chip.c:93
[0m
[0;33m0x4008b20a: abort at /home/matiasnd/esp/esp-idf/components/newlib/abort.c:38
[0m
[0;33m0x40085d1f: _esp_error_check_failed at /home/matiasnd/esp/esp-idf/components/esp_system/esp_err.c:50
[0m
[0;33m0x400d56cf: example_dac_continuous_by_dma at /home/matiasnd/awg/ESP_code/components/dac_cont_func/dac_cont_func.c:79 (discriminator 1)
[0m
[0;33m0x400d54e9: app_main at /home/matiasnd/awg/ESP_code/main/main.c:57 (discriminator 1)
[0m
[0;33m0x400e5f6c: main_task at /home/matiasnd/esp/esp-idf/components/freertos/app_startup.c:208 (discriminator 13)
[0m
[0;33m0x400867c1: vPortTaskWrapper at /home/matiasnd/esp/esp-idf/components/freertos/FreeRTOS-Kernel/portable/xtensa/port.c:162
[0m
[0;33m0x40080400: _init at ??:?
[0m
[0;33m0x400d56cf: example_dac_continuous_by_dma at /home/matiasnd/awg/ESP_code/components/dac_cont_func/dac_cont_func.c:79 (discriminator 1)
[0m
[0;33m0x40085d1f: _esp_error_check_failed at /home/matiasnd/esp/esp-idf/components/esp_system/esp_err.c:50
[0m
[0;33m0x400816c2: panic_abort at /home/matiasnd/esp/esp-idf/components/esp_system/panic.c:452
[0m
[0;33m0x40085d29: esp_system_abort at /home/matiasnd/esp/esp-idf/components/esp_system/port/esp_system_chip.c:93
[0m
[0;33m0x4008b20a: abort at /home/matiasnd/esp/esp-idf/components/newlib/abort.c:38
[0m
[0;33m0x40085d1f: _esp_error_check_failed at /home/matiasnd/esp/esp-idf/components/esp_system/esp_err.c:50
[0m
[0;33m0x400d56cf: example_dac_continuous_by_dma at /home/matiasnd/awg/ESP_code/components/dac_cont_func/dac_cont_func.c:79 (discriminator 1)
[0m
[0;33m0x400d54e9: app_main at /home/matiasnd/awg/ESP_code/main/main.c:57 (discriminator 1)
[0m
[0;33m0x400e5f6c: main_task at /home/matiasnd/esp/esp-idf/components/freertos/app_startup.c:208 (discriminator 13)
[0m
[0;33m0x400867c1: vPortTaskWrapper at /home/matiasnd/esp/esp-idf/components/freertos/FreeRTOS-Kernel/portable/xtensa/port.c:162
[0m
[0;33m0x40080400: _init at ??:?
[0m
[0;33m0x400d56cf: example_dac_continuous_by_dma at /home/matiasnd/awg/ESP_code/components/dac_cont_func/dac_cont_func.c:79 (discriminator 1)
[0m
[0;33m0x40085d1f: _esp_error_check_failed at /home/matiasnd/esp/esp-idf/components/esp_system/esp_err.c:50
[0m
[0;33m0x400816c2: panic_abort at /home/matiasnd/esp/esp-idf/components/esp_system/panic.c:452
[0m
[0;33m0x40085d29: esp_system_abort at /home/matiasnd/esp/esp-idf/components/esp_system/port/esp_system_chip.c:93
[0m
[0;33m0x4008b20a: abort at /home/matiasnd/esp/esp-idf/components/newlib/abort.c:38
[0m
[0;33m0x40085d1f: _esp_error_check_failed at /home/matiasnd/esp/esp-idf/components/esp_system/esp_err.c:50
[0m
[0;33m0x400d56cf: example_dac_continuous_by_dma at /home/matiasnd/awg/ESP_code/components/dac_cont_func/dac_cont_func.c:79 (discriminator 1)
[0m
[0;33m0x400d54e9: app_main at /home/matiasnd/awg/ESP_code/main/main.c:57 (discriminator 1)
[0m
[0;33m0x400e5f6c: main_task at /home/matiasnd/esp/esp-idf/components/freertos/app_startup.c:208 (discriminator 13)
[0m
[0;33m0x400867c1: vPortTaskWrapper at /home/matiasnd/esp/esp-idf/components/freertos/FreeRTOS-Kernel/portable/xtensa/port.c:162
[0m
[0;33m0x40080400: _init at ??:?
[0m
[0;33m0x400d56cf: example_dac_continuous_by_dma at /home/matiasnd/awg/ESP_code/components/dac_cont_func/dac_cont_func.c:79 (discriminator 1)
[0m
[0;33m0x40085d1f: _esp_error_check_failed at /home/matiasnd/esp/esp-idf/components/esp_system/esp_err.c:50
[0m
[0;33m0x400816c2: panic_abort at /home/matiasnd/esp/esp-idf/components/esp_system/panic.c:452
[0m
[0;33m0x40085d29: esp_system_abort at /home/matiasnd/esp/esp-idf/components/esp_system/port/esp_system_chip.c:93
[0m
[0;33m0x4008b20a: abort at /home/matiasnd/esp/esp-idf/components/newlib/abort.c:38
[0m
[0;33m0x40085d1f: _esp_error_check_failed at /home/matiasnd/esp/esp-idf/components/esp_system/esp_err.c:50
[0m
[0;33m0x400d56cf: example_dac_continuous_by_dma at /home/matiasnd/awg/ESP_code/components/dac_cont_func/dac_cont_func.c:79 (discriminator 1)
[0m
[0;33m0x400d54e9: app_main at /home/matiasnd/awg/ESP_code/main/main.c:57 (discriminator 1)
[0m
[0;33m0x400e5f6c: main_task at /home/matiasnd/esp/esp-idf/components/freertos/app_startup.c:208 (discriminator 13)
[0m
[0;33m0x400867c1: vPortTaskWrapper at /home/matiasnd/esp/esp-idf/components/freertos/FreeRTOS-Kernel/portable/xtensa/port.c:162
[0m
[0;33m0x40080400: _init at ??:?
[0m
[0;33m0x400d56cf: example_dac_continuous_by_dma at /home/matiasnd/awg/ESP_code/components/dac_cont_func/dac_cont_func.c:79 (discriminator 1)
[0m
[0;33m0x40085d1f: _esp_error_check_failed at /home/matiasnd/esp/esp-idf/components/esp_system/esp_err.c:50
[0m
[0;33m0x400816c2: panic_abort at /home/matiasnd/esp/esp-idf/components/esp_system/panic.c:452
[0m
[0;33m0x40085d29: esp_system_abort at /home/matiasnd/esp/esp-idf/components/esp_system/port/esp_system_chip.c:93
[0m
[0;33m0x4008b20a: abort at /home/matiasnd/esp/esp-idf/components/newlib/abort.c:38
[0m
[0;33m0x40085d1f: _esp_error_check_failed at /home/matiasnd/esp/esp-idf/components/esp_system/esp_err.c:50
[0m
[0;33m0x400d56cf: example_dac_continuous_by_dma at /home/matiasnd/awg/ESP_code/components/dac_cont_func/dac_cont_func.c:79 (discriminator 1)
[0m
[0;33m0x400d54e9: app_main at /home/matiasnd/awg/ESP_code/main/main.c:57 (discriminator 1)
[0m
[0;33m0x400e5f6c: main_task at /home/matiasnd/esp/esp-idf/components/freertos/app_startup.c:208 (discriminator 13)
[0m
[0;33m0x400867c1: vPortTaskWrapper at /home/matiasnd/esp/esp-idf/components/freertos/FreeRTOS-Kernel/portable/xtensa/port.c:162
[0m
[0;33m0x40080400: _init at ??:?
[0m
[0;33m0x400d56cf: example_dac_continuous_by_dma at /home/matiasnd/awg/ESP_code/components/dac_cont_func/dac_cont_func.c:79 (discriminator 1)
[0m
[0;33m0x40085d1f: _esp_error_check_failed at /home/matiasnd/esp/esp-idf/components/esp_system/esp_err.c:50
[0m
[0;33m0x400816c2: panic_abort at /home/matiasnd/esp/esp-idf/components/esp_system/panic.c:452
[0m
[0;33m0x40085d29: esp_system_abort at /home/matiasnd/esp/esp-idf/components/esp_system/port/esp_system_chip.c:93
[0m
[0;33m0x4008b20a: abort at /home/matiasnd/esp/esp-idf/components/newlib/abort.c:38
[0m
[0;33m0x40085d1f: _esp_error_check_failed at /home/matiasnd/esp/esp-idf/components/esp_system/esp_err.c:50
[0m
[0;33m0x400d56cf: example_dac_continuous_by_dma at /home/matiasnd/awg/ESP_code/components/dac_cont_func/dac_cont_func.c:79 (discriminator 1)
[0m
[0;33m0x400d54e9: app_main at /home/matiasnd/awg/ESP_code/main/main.c:57 (discriminator 1)
[0m
[0;33m0x400e5f6c: main_task at /home/matiasnd/esp/esp-idf/components/freertos/app_startup.c:208 (discriminator 13)
[0m
[0;33m0x400867c1: vPortTaskWrapper at /home/matiasnd/esp/esp-idf/components/freertos/FreeRTOS-Kernel/portable/xtensa/port.c:162
[0m
[0;33m0x40080400: _init at ??:?
[0m
[0;33m0x400d56cf: example_dac_continuous_by_dma at /home/matiasnd/awg/ESP_code/components/dac_cont_func/dac_cont_func.c:79 (discriminator 1)
[0m
[0;33m0x40085d1f: _esp_error_check_failed at /home/matiasnd/esp/esp-idf/components/esp_system/esp_err.c:50
[0m
[0;33m0x400816c2: panic_abort at /home/matiasnd/esp/esp-idf/components/esp_system/panic.c:452
[0m
[0;33m0x40085d29: esp_system_abort at /home/matiasnd/esp/esp-idf/components/esp_system/port/esp_system_chip.c:93
[0m
[0;33m0x4008b20a: abort at /home/matiasnd/esp/esp-idf/components/newlib/abort.c:38
[0m
[0;33m0x40085d1f: _esp_error_check_failed at /home/matiasnd/esp/esp-idf/components/esp_system/esp_err.c:50
[0m
[0;33m0x400d56cf: example_dac_continuous_by_dma at /home/matiasnd/awg/ESP_code/components/dac_cont_func/dac_cont_func.c:79 (discriminator 1)
[0m
[0;33m0x400d54e9: app_main at /home/matiasnd/awg/ESP_code/main/main.c:57 (discriminator 1)
[0m
[0;33m0x400e5f6c: main_task at /home/matiasnd/esp/esp-idf/components/freertos/app_startup.c:208 (discriminator 13)
[0m
[0;33m0x400867c1: vPortTaskWrapper at /home/matiasnd/esp/esp-idf/components/freertos/FreeRTOS-Kernel/portable/xtensa/port.c:162
[0m
[0;33m0x40080400: _init at ??:?
[0m
[0;33m0x400d56cf: example_dac_continuous_by_dma at /home/matiasnd/awg/ESP_code/components/dac_cont_func/dac_cont_func.c:79 (discriminator 1)
[0m
[0;33m0x40085d1f: _esp_error_check_failed at /home/matiasnd/esp/esp-idf/components/esp_system/esp_err.c:50
[0m
[0;33m0x400816c2: panic_abort at /home/matiasnd/esp/esp-idf/components/esp_system/panic.c:452
[0m
[0;33m0x40085d29: esp_system_abort at /home/matiasnd/esp/esp-idf/components/esp_system/port/esp_system_chip.c:93
[0m
[0;33m0x4008b20a: abort at /home/matiasnd/esp/esp-idf/components/newlib/abort.c:38
[0m
[0;33m0x40085d1f: _esp_error_check_failed at /home/matiasnd/esp/esp-idf/components/esp_system/esp_err.c:50
[0m
[0;33m0x400d56cf: example_dac_continuous_by_dma at /home/matiasnd/awg/ESP_code/components/dac_cont_func/dac_cont_func.c:79 (discriminator 1)
[0m
[0;33m0x400d54e9: app_main at /home/matiasnd/awg/ESP_code/main/main.c:57 (discriminator 1)
[0m
[0;33m0x400e5f6c: main_task at /home/matiasnd/esp/esp-idf/components/freertos/app_startup.c:208 (discriminator 13)
[0m
[0;33m0x400867c1: vPortTaskWrapper at /home/matiasnd/esp/esp-idf/components/freertos/FreeRTOS-Kernel/portable/xtensa/port.c:162
[0m
[0;33m0x40080400: _init at ??:?
[0m
[0;33m0x400d56cf: example_dac_continuous_by_dma at /home/matiasnd/awg/ESP_code/components/dac_cont_func/dac_cont_func.c:79 (discriminator 1)
[0m
[0;33m0x40085d1f: _esp_error_check_failed at /home/matiasnd/esp/esp-idf/components/esp_system/esp_err.c:50
[0m
[0;33m0x400816c2: panic_abort at /home/matiasnd/esp/esp-idf/components/esp_system/panic.c:452
[0m
[0;33m0x40085d29: esp_system_abort at /home/matiasnd/esp/esp-idf/components/esp_system/port/esp_system_chip.c:93
[0m
[0;33m0x4008b20a: abort at /home/matiasnd/esp/esp-idf/components/newlib/abort.c:38
[0m
[0;33m0x40085d1f: _esp_error_check_failed at /home/matiasnd/esp/esp-idf/components/esp_system/esp_err.c:50
[0m
[0;33m0x400d56cf: example_dac_continuous_by_dma at /home/matiasnd/awg/ESP_code/components/dac_cont_func/dac_cont_func.c:79 (discriminator 1)
[0m
[0;33m0x400d54e9: app_main at /home/matiasnd/awg/ESP_code/main/main.c:57 (discriminator 1)
[0m
[0;33m0x400e5f6c: main_task at /home/matiasnd/esp/esp-idf/components/freertos/app_startup.c:208 (discriminator 13)
[0m
[0;33m0x400867c1: vPortTaskWrapper at /home/matiasnd/esp/esp-idf/components/freertos/FreeRTOS-Kernel/portable/xtensa/port.c:162
[0m
[0;33m0x40080400: _init at ??:?
[0m
[0;33m0x400d56cf: example_dac_continuous_by_dma at /home/matiasnd/awg/ESP_code/components/dac_cont_func/dac_cont_func.c:79 (discriminator 1)
[0m
[0;33m0x40085d1f: _esp_error_check_failed at /home/matiasnd/esp/esp-idf/components/esp_system/esp_err.c:50
[0m
[0;33m0x400816c2: panic_abort at /home/matiasnd/esp/esp-idf/components/esp_system/panic.c:452
[0m
[0;33m0x40085d29: esp_system_abort at /home/matiasnd/esp/esp-idf/components/esp_system/port/esp_system_chip.c:93
[0m
[0;33m0x4008b20a: abort at /home/matiasnd/esp/esp-idf/components/newlib/abort.c:38
[0m
[0;33m0x40085d1f: _esp_error_check_failed at /home/matiasnd/esp/esp-idf/components/esp_system/esp_err.c:50
[0m
[0;33m0x400d56cf: example_dac_continuous_by_dma at /home/matiasnd/awg/ESP_code/components/dac_cont_func/dac_cont_func.c:79 (discriminator 1)
[0m
[0;33m0x400d54e9: app_main at /home/matiasnd/awg/ESP_code/main/main.c:57 (discriminator 1)
[0m
[0;33m0x400e5f6c: main_task at /home/matiasnd/esp/esp-idf/components/freertos/app_startup.c:208 (discriminator 13)
[0m
[0;33m0x400867c1: vPortTaskWrapper at /home/matiasnd/esp/esp-idf/components/freertos/FreeRTOS-Kernel/portable/xtensa/port.c:162
[0m
[0;33m0x40080400: _init at ??:?
[0m
[0;33m0x400d56cf: example_dac_continuous_by_dma at /home/matiasnd/awg/ESP_code/components/dac_cont_func/dac_cont_func.c:79 (discriminator 1)
[0m
[0;33m0x40085d1f: _esp_error_check_failed at /home/matiasnd/esp/esp-idf/components/esp_system/esp_err.c:50
[0m
[0;33m0x400816c2: panic_abort at /home/matiasnd/esp/esp-idf/components/esp_system/panic.c:452
[0m
[0;33m0x40085d29: esp_system_abort at /home/matiasnd/esp/esp-idf/components/esp_system/port/esp_system_chip.c:93
[0m
[0;33m0x4008b20a: abort at /home/matiasnd/esp/esp-idf/components/newlib/abort.c:38
[0m
[0;33m0x40085d1f: _esp_error_check_failed at /home/matiasnd/esp/esp-idf/components/esp_system/esp_err.c:50
[0m
[0;33m0x400d56cf: example_dac_continuous_by_dma at /home/matiasnd/awg/ESP_code/components/dac_cont_func/dac_cont_func.c:79 (discriminator 1)
[0m
[0;33m0x400d54e9: app_main at /home/matiasnd/awg/ESP_code/main/main.c:57 (discriminator 1)
[0m
[0;33m0x400e5f6c: main_task at /home/matiasnd/esp/esp-idf/components/freertos/app_startup.c:208 (discriminator 13)
[0m
[0;33m0x400867c1: vPortTaskWrapper at /home/matiasnd/esp/esp-idf/components/freertos/FreeRTOS-Kernel/portable/xtensa/port.c:162
[0m
[0;33m0x40080400: _init at ??:?
[0m
[0;33m0x400d56cf: example_dac_continuous_by_dma at /home/matiasnd/awg/ESP_code/components/dac_cont_func/dac_cont_func.c:79 (discriminator 1)
[0m
[0;33m0x40085d1f: _esp_error_check_failed at /home/matiasnd/esp/esp-idf/components/esp_system/esp_err.c:50
[0m
[0;33m0x400816c2: panic_abort at /home/matiasnd/esp/esp-idf/components/esp_system/panic.c:452
[0m
[0;33m0x40085d29: esp_system_abort at /home/matiasnd/esp/esp-idf/components/esp_system/port/esp_system_chip.c:93
[0m
[0;33m0x4008b20a: abort at /home/matiasnd/esp/esp-idf/components/newlib/abort.c:38
[0m
[0;33m0x40085d1f: _esp_error_check_failed at /home/matiasnd/esp/esp-idf/components/esp_system/esp_err.c:50
[0m
[0;33m0x400d56cf: example_dac_continuous_by_dma at /home/matiasnd/awg/ESP_code/components/dac_cont_func/dac_cont_func.c:79 (discriminator 1)
[0m
[0;33m0x400d54e9: app_main at /home/matiasnd/awg/ESP_code/main/main.c:57 (discriminator 1)
[0m
[0;33m0x400e5f6c: main_task at /home/matiasnd/esp/esp-idf/components/freertos/app_startup.c:208 (discriminator 13)
[0m
[0;33m0x400867c1: vPortTaskWrapper at /home/matiasnd/esp/esp-idf/components/freertos/FreeRTOS-Kernel/portable/xtensa/port.c:162
[0m
[0;33m0x40080400: _init at ??:?
[0m
[0;33m0x400d56cf: example_dac_continuous_by_dma at /home/matiasnd/awg/ESP_code/components/dac_cont_func/dac_cont_func.c:79 (discriminator 1)
[0m
[0;33m0x40085d1f: _esp_error_check_failed at /home/matiasnd/esp/esp-idf/components/esp_system/esp_err.c:50
[0m
[0;33m0x400816c2: panic_abort at /home/matiasnd/esp/esp-idf/components/esp_system/panic.c:452
[0m
[0;33m0x40085d29: esp_system_abort at /home/matiasnd/esp/esp-idf/components/esp_system/port/esp_system_chip.c:93
[0m
[0;33m0x4008b20a: abort at /home/matiasnd/esp/esp-idf/components/newlib/abort.c:38
[0m
[0;33m0x40085d1f: _esp_error_check_failed at /home/matiasnd/esp/esp-idf/components/esp_system/esp_err.c:50
[0m
[0;33m0x400d56cf: example_dac_continuous_by_dma at /home/matiasnd/awg/ESP_code/components/dac_cont_func/dac_cont_func.c:79 (discriminator 1)
[0m
[0;33m0x400d54e9: app_main at /home/matiasnd/awg/ESP_code/main/main.c:57 (discriminator 1)
[0m
[0;33m0x400e5f6c: main_task at /home/matiasnd/esp/esp-idf/components/freertos/app_startup.c:208 (discriminator 13)
[0m
[0;33m0x400867c1: vPortTaskWrapper at /home/matiasnd/esp/esp-idf/components/freertos/FreeRTOS-Kernel/portable/xtensa/port.c:162
[0m
[0;33m0x40080400: _init at ??:?
[0m
[0;33m0x400d56cf: example_dac_continuous_by_dma at /home/matiasnd/awg/ESP_code/components/dac_cont_func/dac_cont_func.c:79 (discriminator 1)
[0m
[0;33m0x40085d1f: _esp_error_check_failed at /home/matiasnd/esp/esp-idf/components/esp_system/esp_err.c:50
[0m
[0;33m0x400816c2: panic_abort at /home/matiasnd/esp/esp-idf/components/esp_system/panic.c:452
[0m
[0;33m0x40085d29: esp_system_abort at /home/matiasnd/esp/esp-idf/components/esp_system/port/esp_system_chip.c:93
[0m
[0;33m0x4008b20a: abort at /home/matiasnd/esp/esp-idf/components/newlib/abort.c:38
[0m
[0;33m0x40085d1f: _esp_error_check_failed at /home/matiasnd/esp/esp-idf/components/esp_system/esp_err.c:50
[0m
[0;33m0x400d56cf: example_dac_continuous_by_dma at /home/matiasnd/awg/ESP_code/components/dac_cont_func/dac_cont_func.c:79 (discriminator 1)
[0m
[0;33m0x400d54e9: app_main at /home/matiasnd/awg/ESP_code/main/main.c:57 (discriminator 1)
[0m
[0;33m0x400e5f6c: main_task at /home/matiasnd/esp/esp-idf/components/freertos/app_startup.c:208 (discriminator 13)
[0m
[0;33m0x400867c1: vPortTaskWrapper at /home/matiasnd/esp/esp-idf/components/freertos/FreeRTOS-Kernel/portable/xtensa/port.c:162
[0m
[0;33m0x40080400: _init at ??:?
[0m
[0;33m0x400d56cf: example_dac_continuous_by_dma at /home/matiasnd/awg/ESP_code/components/dac_cont_func/dac_cont_func.c:79 (discriminator 1)
[0m
[0;33m0x40085d1f: _esp_error_check_failed at /home/matiasnd/esp/esp-idf/components/esp_system/esp_err.c:50
[0m
[0;33m0x400816c2: panic_abort at /home/matiasnd/esp/esp-idf/components/esp_system/panic.c:452
[0m
[0;33m0x40085d29: esp_system_abort at /home/matiasnd/esp/esp-idf/components/esp_system/port/esp_system_chip.c:93
[0m
[0;33m0x4008b20a: abort at /home/matiasnd/esp/esp-idf/components/newlib/abort.c:38
[0m
[0;33m0x40085d1f: _esp_error_check_failed at /home/matiasnd/esp/esp-idf/components/esp_system/esp_err.c:50
[0m
[0;33m0x400d56cf: example_dac_continuous_by_dma at /home/matiasnd/awg/ESP_code/components/dac_cont_func/dac_cont_func.c:79 (discriminator 1)
[0m
[0;33m0x400d54e9: app_main at /home/matiasnd/awg/ESP_code/main/main.c:57 (discriminator 1)
[0m
[0;33m0x400e5f6c: main_task at /home/matiasnd/esp/esp-idf/components/freertos/app_startup.c:208 (discriminator 13)
[0m
[0;33m0x400867c1: vPortTaskWrapper at /home/matiasnd/esp/esp-idf/components/freertos/FreeRTOS-Kernel/portable/xtensa/port.c:162
[0m
[0;33m0x40080400: _init at ??:?
[0m
[0;33m0x400d56cf: example_dac_continuous_by_dma at /home/matiasnd/awg/ESP_code/components/dac_cont_func/dac_cont_func.c:79 (discriminator 1)
[0m
[0;33m0x40085d1f: _esp_error_check_failed at /home/matiasnd/esp/esp-idf/components/esp_system/esp_err.c:50
[0m
[0;33m0x400816c2: panic_abort at /home/matiasnd/esp/esp-idf/components/esp_system/panic.c:452
[0m
[0;33m0x40085d29: esp_system_abort at /home/matiasnd/esp/esp-idf/components/esp_system/port/esp_system_chip.c:93
[0m
[0;33m0x4008b20a: abort at /home/matiasnd/esp/esp-idf/components/newlib/abort.c:38
[0m
[0;33m0x40085d1f: _esp_error_check_failed at /home/matiasnd/esp/esp-idf/components/esp_system/esp_err.c:50
[0m
[0;33m0x400d56cf: example_dac_continuous_by_dma at /home/matiasnd/awg/ESP_code/components/dac_cont_func/dac_cont_func.c:79 (discriminator 1)
[0m
[0;33m0x400d54e9: app_main at /home/matiasnd/awg/ESP_code/main/main.c:57 (discriminator 1)
[0m
[0;33m0x400e5f6c: main_task at /home/matiasnd/esp/esp-idf/components/freertos/app_startup.c:208 (discriminator 13)
[0m
[0;33m0x400867c1: vPortTaskWrapper at /home/matiasnd/esp/esp-idf/components/freertos/FreeRTOS-Kernel/portable/xtensa/port.c:162
[0m
[0;33m0x40080400: _init at ??:?
[0m
[0;33m0x400d56cf: example_dac_continuous_by_dma at /home/matiasnd/awg/ESP_code/components/dac_cont_func/dac_cont_func.c:79 (discriminator 1)
[0m
[0;33m0x40085d1f: _esp_error_check_failed at /home/matiasnd/esp/esp-idf/components/esp_system/esp_err.c:50
[0m
[0;33m0x400816c2: panic_abort at /home/matiasnd/esp/esp-idf/components/esp_system/panic.c:452
[0m
[0;33m0x40085d29: esp_system_abort at /home/matiasnd/esp/esp-idf/components/esp_system/port/esp_system_chip.c:93
[0m
[0;33m0x4008b20a: abort at /home/matiasnd/esp/esp-idf/components/newlib/abort.c:38
[0m
[0;33m0x40085d1f: _esp_error_check_failed at /home/matiasnd/esp/esp-idf/components/esp_system/esp_err.c:50
[0m
[0;33m0x400d56cf: example_dac_continuous_by_dma at /home/matiasnd/awg/ESP_code/components/dac_cont_func/dac_cont_func.c:79 (discriminator 1)
[0m
[0;33m0x400d54e9: app_main at /home/matiasnd/awg/ESP_code/main/main.c:57 (discriminator 1)
[0m
[0;33m0x400e5f6c: main_task at /home/matiasnd/esp/esp-idf/components/freertos/app_startup.c:208 (discriminator 13)
[0m
[0;33m0x400867c1: vPortTaskWrapper at /home/matiasnd/esp/esp-idf/components/freertos/FreeRTOS-Kernel/portable/xtensa/port.c:162
[0m
[0;33m0x40080400: _init at ??:?
[0m
[0;33m0x400d56cf: example_dac_continuous_by_dma at /home/matiasnd/awg/ESP_code/components/dac_cont_func/dac_cont_func.c:79 (discriminator 1)
[0m
[0;33m0x40085d1f: _esp_error_check_failed at /home/matiasnd/esp/esp-idf/components/esp_system/esp_err.c:50
[0m
[0;33m0x400816c2: panic_abort at /home/matiasnd/esp/esp-idf/components/esp_system/panic.c:452
[0m
[0;33m0x40085d29: esp_system_abort at /home/matiasnd/esp/esp-idf/components/esp_system/port/esp_system_chip.c:93
[0m
[0;33m0x4008b20a: abort at /home/matiasnd/esp/esp-idf/components/newlib/abort.c:38
[0m
[0;33m0x40085d1f: _esp_error_check_failed at /home/matiasnd/esp/esp-idf/components/esp_system/esp_err.c:50
[0m
[0;33m0x400d56cf: example_dac_continuous_by_dma at /home/matiasnd/awg/ESP_code/components/dac_cont_func/dac_cont_func.c:79 (discriminator 1)
[0m
[0;33m0x400d54e9: app_main at /home/matiasnd/awg/ESP_code/main/main.c:57 (discriminator 1)
[0m
[0;33m0x400e5f6c: main_task at /home/matiasnd/esp/esp-idf/components/freertos/app_startup.c:208 (discriminator 13)
[0m
[0;33m0x400867c1: vPortTaskWrapper at /home/matiasnd/esp/esp-idf/components/freertos/FreeRTOS-Kernel/portable/xtensa/port.c:162
[0m
[0;33m0x40080400: _init at ??:?
[0m
[0;33m0x400d56cf: example_dac_continuous_by_dma at /home/matiasnd/awg/ESP_code/components/dac_cont_func/dac_cont_func.c:79 (discriminator 1)
[0m
[0;33m0x40085d1f: _esp_error_check_failed at /home/matiasnd/esp/esp-idf/components/esp_system/esp_err.c:50
[0m
[0;33m0x400816c2: panic_abort at /home/matiasnd/esp/esp-idf/components/esp_system/panic.c:452
[0m
[0;33m0x40085d29: esp_system_abort at /home/matiasnd/esp/esp-idf/components/esp_system/port/esp_system_chip.c:93
[0m
[0;33m0x4008b20a: abort at /home/matiasnd/esp/esp-idf/components/newlib/abort.c:38
[0m
[0;33m0x40085d1f: _esp_error_check_failed at /home/matiasnd/esp/esp-idf/components/esp_system/esp_err.c:50
[0m
[0;33m0x400d56cf: example_dac_continuous_by_dma at /home/matiasnd/awg/ESP_code/components/dac_cont_func/dac_cont_func.c:79 (discriminator 1)
[0m
[0;33m0x400d54e9: app_main at /home/matiasnd/awg/ESP_code/main/main.c:57 (discriminator 1)
[0m
[0;33m0x400e5f6c: main_task at /home/matiasnd/esp/esp-idf/components/freertos/app_startup.c:208 (discriminator 13)
[0m
[0;33m0x400867c1: vPortTaskWrapper at /home/matiasnd/esp/esp-idf/components/freertos/FreeRTOS-Kernel/portable/xtensa/port.c:162
[0m
[0;33m0x40080400: _init at ??:?
[0m
[0;33m0x400d56cf: example_dac_continuous_by_dma at /home/matiasnd/awg/ESP_code/components/dac_cont_func/dac_cont_func.c:79 (discriminator 1)
[0m
[0;33m0x40085d1f: _esp_error_check_failed at /home/matiasnd/esp/esp-idf/components/esp_system/esp_err.c:50
[0m
[0;33m0x400816c2: panic_abort at /home/matiasnd/esp/esp-idf/components/esp_system/panic.c:452
[0m
[0;33m0x40085d29: esp_system_abort at /home/matiasnd/esp/esp-idf/components/esp_system/port/esp_system_chip.c:93
[0m
[0;33m0x4008b20a: abort at /home/matiasnd/esp/esp-idf/components/newlib/abort.c:38
[0m
[0;33m0x40085d1f: _esp_error_check_failed at /home/matiasnd/esp/esp-idf/components/esp_system/esp_err.c:50
[0m
[0;33m0x400d56cf: example_dac_continuous_by_dma at /home/matiasnd/awg/ESP_code/components/dac_cont_func/dac_cont_func.c:79 (discriminator 1)
[0m
[0;33m0x400d54e9: app_main at /home/matiasnd/awg/ESP_code/main/main.c:57 (discriminator 1)
[0m
[0;33m0x400e5f6c: main_task at /home/matiasnd/esp/esp-idf/components/freertos/app_startup.c:208 (discriminator 13)
[0m
[0;33m0x400867c1: vPortTaskWrapper at /home/matiasnd/esp/esp-idf/components/freertos/FreeRTOS-Kernel/portable/xtensa/port.c:162
[0m
[0;33m0x40080400: _init at ??:?
[0m
[0;33m0x400d56cf: example_dac_continuous_by_dma at /home/matiasnd/awg/ESP_code/components/dac_cont_func/dac_cont_func.c:79 (discriminator 1)
[0m
[0;33m0x40085d1f: _esp_error_check_failed at /home/matiasnd/esp/esp-idf/components/esp_system/esp_err.c:50
[0m
[0;33m0x400816c2: panic_abort at /home/matiasnd/esp/esp-idf/components/esp_system/panic.c:452
[0m
[0;33m0x40085d29: esp_system_abort at /home/matiasnd/esp/esp-idf/components/esp_system/port/esp_system_chip.c:93
[0m
[0;33m0x4008b20a: abort at /home/matiasnd/esp/esp-idf/components/newlib/abort.c:38
[0m
[0;33m0x40085d1f: _esp_error_check_failed at /home/matiasnd/esp/esp-idf/components/esp_system/esp_err.c:50
[0m
[0;33m0x400d56cf: example_dac_continuous_by_dma at /home/matiasnd/awg/ESP_code/components/dac_cont_func/dac_cont_func.c:79 (discriminator 1)
[0m
[0;33m0x400d54e9: app_main at /home/matiasnd/awg/ESP_code/main/main.c:57 (discriminator 1)
[0m
[0;33m0x400e5f6c: main_task at /home/matiasnd/esp/esp-idf/components/freertos/app_startup.c:208 (discriminator 13)
[0m
[0;33m0x400867c1: vPortTaskWrapper at /home/matiasnd/esp/esp-idf/components/freertos/FreeRTOS-Kernel/portable/xtensa/port.c:162
[0m
[0;33m0x40080400: _init at ??:?
[0m
[0;33m0x400d56cf: example_dac_continuous_by_dma at /home/matiasnd/awg/ESP_code/components/dac_cont_func/dac_cont_func.c:79 (discriminator 1)
[0m
[0;33m0x40085d1f: _esp_error_check_failed at /home/matiasnd/esp/esp-idf/components/esp_system/esp_err.c:50
[0m
[0;33m0x400816c2: panic_abort at /home/matiasnd/esp/esp-idf/components/esp_system/panic.c:452
[0m
[0;33m0x40085d29: esp_system_abort at /home/matiasnd/esp/esp-idf/components/esp_system/port/esp_system_chip.c:93
[0m
[0;33m0x4008b20a: abort at /home/matiasnd/esp/esp-idf/components/newlib/abort.c:38
[0m
[0;33m0x40085d1f: _esp_error_check_failed at /home/matiasnd/esp/esp-idf/components/esp_system/esp_err.c:50
[0m
[0;33m0x400d56cf: example_dac_continuous_by_dma at /home/matiasnd/awg/ESP_code/components/dac_cont_func/dac_cont_func.c:79 (discriminator 1)
[0m
[0;33m0x400d54e9: app_main at /home/matiasnd/awg/ESP_code/main/main.c:57 (discriminator 1)
[0m
[0;33m0x400e5f6c: main_task at /home/matiasnd/esp/esp-idf/components/freertos/app_startup.c:208 (discriminator 13)
[0m
[0;33m0x400867c1: vPortTaskWrapper at /home/matiasnd/esp/esp-idf/components/freertos/FreeRTOS-Kernel/portable/xtensa/port.c:162
[0m
[0;33m0x40080400: _init at ??:?
[0m
[0;33m0x400d56cf: example_dac_continuous_by_dma at /home/matiasnd/awg/ESP_code/components/dac_cont_func/dac_cont_func.c:79 (discriminator 1)
[0m
[0;33m0x40085d1f: _esp_error_check_failed at /home/matiasnd/esp/esp-idf/components/esp_system/esp_err.c:50
[0m
[0;33m0x400816c2: panic_abort at /home/matiasnd/esp/esp-idf/components/esp_system/panic.c:452
[0m
[0;33m0x40085d29: esp_system_abort at /home/matiasnd/esp/esp-idf/components/esp_system/port/esp_system_chip.c:93
[0m
[0;33m0x4008b20a: abort at /home/matiasnd/esp/esp-idf/components/newlib/abort.c:38
[0m
[0;33m0x40085d1f: _esp_error_check_failed at /home/matiasnd/esp/esp-idf/components/esp_system/esp_err.c:50
[0m
[0;33m0x400d56cf: example_dac_continuous_by_dma at /home/matiasnd/awg/ESP_code/components/dac_cont_func/dac_cont_func.c:79 (discriminator 1)
[0m
[0;33m0x400d54e9: app_main at /home/matiasnd/awg/ESP_code/main/main.c:57 (discriminator 1)
[0m
[0;33m0x400e5f6c: main_task at /home/matiasnd/esp/esp-idf/components/freertos/app_startup.c:208 (discriminator 13)
[0m
[0;33m0x400867c1: vPortTaskWrapper at /home/matiasnd/esp/esp-idf/components/freertos/FreeRTOS-Kernel/portable/xtensa/port.c:162
[0m
[0;33m0x40080400: _init at ??:?
[0m
[0;33m0x400d56cf: example_dac_continuous_by_dma at /home/matiasnd/awg/ESP_code/components/dac_cont_func/dac_cont_func.c:79 (discriminator 1)
[0m
[0;33m0x40085d1f: _esp_error_check_failed at /home/matiasnd/esp/esp-idf/components/esp_system/esp_err.c:50
[0m
[0;33m0x400816c2: panic_abort at /home/matiasnd/esp/esp-idf/components/esp_system/panic.c:452
[0m
[0;33m0x40085d29: esp_system_abort at /home/matiasnd/esp/esp-idf/components/esp_system/port/esp_system_chip.c:93
[0m
[0;33m0x4008b20a: abort at /home/matiasnd/esp/esp-idf/components/newlib/abort.c:38
[0m
[0;33m0x40085d1f: _esp_error_check_failed at /home/matiasnd/esp/esp-idf/components/esp_system/esp_err.c:50
[0m
[0;33m0x400d56cf: example_dac_continuous_by_dma at /home/matiasnd/awg/ESP_code/components/dac_cont_func/dac_cont_func.c:79 (discriminator 1)
[0m
[0;33m0x400d54e9: app_main at /home/matiasnd/awg/ESP_code/main/main.c:57 (discriminator 1)
[0m
[0;33m0x400e5f6c: main_task at /home/matiasnd/esp/esp-idf/components/freertos/app_startup.c:208 (discriminator 13)
[0m
[0;33m0x400867c1: vPortTaskWrapper at /home/matiasnd/esp/esp-idf/components/freertos/FreeRTOS-Kernel/portable/xtensa/port.c:162
[0m
[0;33m0x40080400: _init at ??:?
[0m
[0;33m0x400d56cf: example_dac_continuous_by_dma at /home/matiasnd/awg/ESP_code/components/dac_cont_func/dac_cont_func.c:79 (discriminator 1)
[0m
[0;33m0x40085d1f: _esp_error_check_failed at /home/matiasnd/esp/esp-idf/components/esp_system/esp_err.c:50
[0m
[0;33m0x400816c2: panic_abort at /home/matiasnd/esp/esp-idf/components/esp_system/panic.c:452
[0m
[0;33m0x40085d29: esp_system_abort at /home/matiasnd/esp/esp-idf/components/esp_system/port/esp_system_chip.c:93
[0m
[0;33m0x4008b20a: abort at /home/matiasnd/esp/esp-idf/components/newlib/abort.c:38
[0m
[0;33m0x40085d1f: _esp_error_check_failed at /home/matiasnd/esp/esp-idf/components/esp_system/esp_err.c:50
[0m
[0;33m0x400d56cf: example_dac_continuous_by_dma at /home/matiasnd/awg/ESP_code/components/dac_cont_func/dac_cont_func.c:79 (discriminator 1)
[0m
[0;33m0x400d54e9: app_main at /home/matiasnd/awg/ESP_code/main/main.c:57 (discriminator 1)
[0m
[0;33m0x400e5f6c: main_task at /home/matiasnd/esp/esp-idf/components/freertos/app_startup.c:208 (discriminator 13)
[0m
[0;33m0x400867c1: vPortTaskWrapper at /home/matiasnd/esp/esp-idf/components/freertos/FreeRTOS-Kernel/portable/xtensa/port.c:162
[0m
[0;33m0x40080400: _init at ??:?
[0m
[0;33m0x400d56cf: example_dac_continuous_by_dma at /home/matiasnd/awg/ESP_code/components/dac_cont_func/dac_cont_func.c:79 (discriminator 1)
[0m
[0;33m0x40085d1f: _esp_error_check_failed at /home/matiasnd/esp/esp-idf/components/esp_system/esp_err.c:50
[0m
[0;33m0x400816c2: panic_abort at /home/matiasnd/esp/esp-idf/components/esp_system/panic.c:452
[0m
[0;33m0x40085d29: esp_system_abort at /home/matiasnd/esp/esp-idf/components/esp_system/port/esp_system_chip.c:93
[0m
[0;33m0x4008b20a: abort at /home/matiasnd/esp/esp-idf/components/newlib/abort.c:38
[0m
[0;33m0x40085d1f: _esp_error_check_failed at /home/matiasnd/esp/esp-idf/components/esp_system/esp_err.c:50
[0m
[0;33m0x400d56cf: example_dac_continuous_by_dma at /home/matiasnd/awg/ESP_code/components/dac_cont_func/dac_cont_func.c:79 (discriminator 1)
[0m
[0;33m0x400d54e9: app_main at /home/matiasnd/awg/ESP_code/main/main.c:57 (discriminator 1)
[0m
[0;33m0x400e5f6c: main_task at /home/matiasnd/esp/esp-idf/components/freertos/app_startup.c:208 (discriminator 13)
[0m
[0;33m0x400867c1: vPortTaskWrapper at /home/matiasnd/esp/esp-idf/components/freertos/FreeRTOS-Kernel/portable/xtensa/port.c:162
[0m
[0;33m0x40080400: _init at ??:?
[0m
[1;31mNone[0m
[0;33mWaiting for the device to reconnect[0mException in thread Thread-2 (_run_outer):
Traceback (most recent call last):
  File "/home/matiasnd/.espressif/python_env/idf5.2_py3.10_env/lib/python3.10/site-packages/esp_idf_monitor/base/serial_reader.py", line 76, in run
    data = self.serial.read(self.serial.in_waiting or 1)
  File "/home/matiasnd/.espressif/python_env/idf5.2_py3.10_env/lib/python3.10/site-packages/serial/serialposix.py", line 595, in read
    raise SerialException(
serial.serialutil.SerialException: device reports readiness to read but returned no data (device disconnected or multiple access on port?)

During handling of the above exception, another exception occurred:

Traceback (most recent call last):
  File "/home/matiasnd/.espressif/python_env/idf5.2_py3.10_env/lib/python3.10/site-packages/esp_idf_monitor/base/serial_reader.py", line 83, in run
    self.close_serial()
  File "/home/matiasnd/.espressif/python_env/idf5.2_py3.10_env/lib/python3.10/site-packages/esp_idf_monitor/base/serial_reader.py", line 104, in close_serial
    self._disable_closing_wait_or_discard_data()
  File "/home/matiasnd/.espressif/python_env/idf5.2_py3.10_env/lib/python3.10/site-packages/esp_idf_monitor/base/serial_reader.py", line 119, in _disable_closing_wait_or_discard_data
    buf = fcntl.ioctl(self.serial.fd, termios.TIOCGSERIAL, buf)
OSError: [Errno 5] Input/output error

During handling of the above exception, another exception occurred:

Traceback (most recent call last):
  File "/usr/lib/python3.10/threading.py", line 1016, in _bootstrap_inner
    self.run()
  File "/usr/lib/python3.10/threading.py", line 953, in run
    self._target(*self._args, **self._kwargs)
  File "/home/matiasnd/.espressif/python_env/idf5.2_py3.10_env/lib/python3.10/site-packages/esp_idf_monitor/base/stoppable_thread.py", line 47, in _run_outer
    self.run()
  File "/home/matiasnd/.espressif/python_env/idf5.2_py3.10_env/lib/python3.10/site-packages/esp_idf_monitor/base/serial_reader.py", line 100, in run
    self.close_serial()
  File "/home/matiasnd/.espressif/python_env/idf5.2_py3.10_env/lib/python3.10/site-packages/esp_idf_monitor/base/serial_reader.py", line 104, in close_serial
    self._disable_closing_wait_or_discard_data()
  File "/home/matiasnd/.espressif/python_env/idf5.2_py3.10_env/lib/python3.10/site-packages/esp_idf_monitor/base/serial_reader.py", line 119, in _disable_closing_wait_or_discard_data
    buf = fcntl.ioctl(self.serial.fd, termios.TIOCGSERIAL, buf)
OSError: [Errno 5] Input/output error
[0m
