[1/11] Performing build step for 'bootloader'
[1/1] cd /home/matiasnd/awg/ESP_code/build/bootloader/esp-idf/esptool_py && /home/matiasnd/.espressif/python_env/idf5.2_py3.10_env/bin/python /home/matiasnd/esp/esp-idf/components/partition_table/check_sizes.py --offset 0x8000 bootloader 0x1000 /home/matiasnd/awg/ESP_code/build/bootloader/bootloader.bin
Bootloader binary size 0x6900 bytes. 0x700 bytes (6%) free.
[2/9] Building C object esp-idf/dac_cont_func/CMakeFiles/__idf_dac_cont_func.dir/dac_cont_func.c.obj
FAILED: esp-idf/dac_cont_func/CMakeFiles/__idf_dac_cont_func.dir/dac_cont_func.c.obj 
/home/matiasnd/.espressif/tools/xtensa-esp32-elf/esp-12.2.0_20230208/xtensa-esp32-elf/bin/xtensa-esp32-elf-gcc -DESP_PLATFORM -DIDF_VER=\"v5.2-dev-3318-g8fc8f3f479-dirty\" -DSOC_MMU_PAGE_SIZE=CONFIG_MMU_PAGE_SIZE -DSOC_XTAL_FREQ_MHZ=CONFIG_XTAL_FREQ -D_GLIBCXX_HAVE_POSIX_SEMAPHORE -D_GLIBCXX_USE_POSIX_SEMAPHORE -D_GNU_SOURCE -D_POSIX_READER_WRITER_LOCKS -I/home/matiasnd/awg/ESP_code/build/config -I/home/matiasnd/awg/ESP_code/components/dac_cont_func/include -I/home/matiasnd/esp/esp-idf/components/newlib/platform_include -I/home/matiasnd/esp/esp-idf/components/freertos/config/include -I/home/matiasnd/esp/esp-idf/components/freertos/config/include/freertos -I/home/matiasnd/esp/esp-idf/components/freertos/config/xtensa/include -I/home/matiasnd/esp/esp-idf/components/freertos/FreeRTOS-Kernel/include -I/home/matiasnd/esp/esp-idf/components/freertos/FreeRTOS-Kernel/portable/xtensa/include -I/home/matiasnd/esp/esp-idf/components/freertos/FreeRTOS-Kernel/portable/xtensa/include/freertos -I/home/matiasnd/esp/esp-idf/components/freertos/esp_additions/include -I/home/matiasnd/esp/esp-idf/components/esp_hw_support/include -I/home/matiasnd/esp/esp-idf/components/esp_hw_support/include/soc -I/home/matiasnd/esp/esp-idf/components/esp_hw_support/include/soc/esp32 -I/home/matiasnd/esp/esp-idf/components/esp_hw_support/port/esp32/. -I/home/matiasnd/esp/esp-idf/components/esp_hw_support/port/esp32/private_include -I/home/matiasnd/esp/esp-idf/components/heap/include -I/home/matiasnd/esp/esp-idf/components/log/include -I/home/matiasnd/esp/esp-idf/components/soc/include -I/home/matiasnd/esp/esp-idf/components/soc/esp32 -I/home/matiasnd/esp/esp-idf/components/soc/esp32/include -I/home/matiasnd/esp/esp-idf/components/hal/esp32/include -I/home/matiasnd/esp/esp-idf/components/hal/include -I/home/matiasnd/esp/esp-idf/components/hal/platform_port/include -I/home/matiasnd/esp/esp-idf/components/esp_rom/include -I/home/matiasnd/esp/esp-idf/components/esp_rom/include/esp32 -I/home/matiasnd/esp/esp-idf/components/esp_rom/esp32 -I/home/matiasnd/esp/esp-idf/components/esp_common/include -I/home/matiasnd/esp/esp-idf/components/esp_system/include -I/home/matiasnd/esp/esp-idf/components/esp_system/port/soc -I/home/matiasnd/esp/esp-idf/components/esp_system/port/include/private -I/home/matiasnd/esp/esp-idf/components/xtensa/esp32/include -I/home/matiasnd/esp/esp-idf/components/xtensa/include -I/home/matiasnd/esp/esp-idf/components/xtensa/deprecated_include -I/home/matiasnd/esp/esp-idf/components/lwip/include -I/home/matiasnd/esp/esp-idf/components/lwip/include/apps -I/home/matiasnd/esp/esp-idf/components/lwip/include/apps/sntp -I/home/matiasnd/esp/esp-idf/components/lwip/lwip/src/include -I/home/matiasnd/esp/esp-idf/components/lwip/port/include -I/home/matiasnd/esp/esp-idf/components/lwip/port/freertos/include -I/home/matiasnd/esp/esp-idf/components/lwip/port/esp32xx/include -I/home/matiasnd/esp/esp-idf/components/lwip/port/esp32xx/include/arch -I/home/matiasnd/esp/esp-idf/components/lwip/port/esp32xx/include/sys -I/home/matiasnd/esp/esp-idf/components/driver/include -I/home/matiasnd/esp/esp-idf/components/driver/deprecated -I/home/matiasnd/esp/esp-idf/components/driver/analog_comparator/include -I/home/matiasnd/esp/esp-idf/components/driver/dac/include -I/home/matiasnd/esp/esp-idf/components/driver/gpio/include -I/home/matiasnd/esp/esp-idf/components/driver/gptimer/include -I/home/matiasnd/esp/esp-idf/components/driver/i2c/include -I/home/matiasnd/esp/esp-idf/components/driver/i2s/include -I/home/matiasnd/esp/esp-idf/components/driver/ledc/include -I/home/matiasnd/esp/esp-idf/components/driver/mcpwm/include -I/home/matiasnd/esp/esp-idf/components/driver/parlio/include -I/home/matiasnd/esp/esp-idf/components/driver/pcnt/include -I/home/matiasnd/esp/esp-idf/components/driver/rmt/include -I/home/matiasnd/esp/esp-idf/components/driver/sdio_slave/include -I/home/matiasnd/esp/esp-idf/components/driver/sdmmc/include -I/home/matiasnd/esp/esp-idf/components/driver/sigma_delta/include -I/home/matiasnd/esp/esp-idf/components/driver/spi/include -I/home/matiasnd/esp/esp-idf/components/driver/temperature_sensor/include -I/home/matiasnd/esp/esp-idf/components/driver/touch_sensor/include -I/home/matiasnd/esp/esp-idf/components/driver/twai/include -I/home/matiasnd/esp/esp-idf/components/driver/uart/include -I/home/matiasnd/esp/esp-idf/components/driver/usb_serial_jtag/include -I/home/matiasnd/esp/esp-idf/components/driver/touch_sensor/esp32/include -I/home/matiasnd/esp/esp-idf/components/esp_pm/include -I/home/matiasnd/esp/esp-idf/components/esp_ringbuf/include -mlongcalls -Wno-frame-address  -fdiagnostics-color=always -ffunction-sections -fdata-sections -Wall -Werror=all -Wno-error=unused-function -Wno-error=unused-variable -Wno-error=unused-but-set-variable -Wno-error=deprecated-declarations -Wextra -Wno-unused-parameter -Wno-sign-compare -Wno-enum-conversion -gdwarf-4 -ggdb -Og -fmacro-prefix-map=/home/matiasnd/awg/ESP_code=. -fmacro-prefix-map=/home/matiasnd/esp/esp-idf=/IDF -fstrict-volatile-bitfields -fno-jump-tables -fno-tree-switch-conversion -std=gnu17 -Wno-old-style-declaration -MD -MT esp-idf/dac_cont_func/CMakeFiles/__idf_dac_cont_func.dir/dac_cont_func.c.obj -MF esp-idf/dac_cont_func/CMakeFiles/__idf_dac_cont_func.dir/dac_cont_func.c.obj.d -o esp-idf/dac_cont_func/CMakeFiles/__idf_dac_cont_func.dir/dac_cont_func.c.obj -c /home/matiasnd/awg/ESP_code/components/dac_cont_func/dac_cont_func.c
/home/matiasnd/awg/ESP_code/components/dac_cont_func/dac_cont_func.c: In function 'dac_dma_write_task':
/home/matiasnd/awg/ESP_code/components/dac_cont_func/dac_cont_func.c:27:5: error: unknown type name 'dac_example_wave_type_t'
   27 |     dac_example_wave_type_t wav_sel = DAC_SINE_WAVE; // Start from sine wave
      |     ^~~~~~~~~~~~~~~~~~~~~~~
/home/matiasnd/awg/ESP_code/components/dac_cont_func/dac_cont_func.c:27:39: error: 'DAC_SINE_WAVE' undeclared (first use in this function)
   27 |     dac_example_wave_type_t wav_sel = DAC_SINE_WAVE; // Start from sine wave
      |                                       ^~~~~~~~~~~~~
/home/matiasnd/awg/ESP_code/components/dac_cont_func/dac_cont_func.c:27:39: note: each undeclared identifier is reported only once for each function it appears in
/home/matiasnd/awg/ESP_code/components/dac_cont_func/dac_cont_func.c:37:14: error: 'DAC_TRIANGLE_WAVE' undeclared (first use in this function)
   37 |         case DAC_TRIANGLE_WAVE:
      |              ^~~~~~~~~~~~~~~~~
/home/matiasnd/awg/ESP_code/components/dac_cont_func/dac_cont_func.c:40:14: error: 'DAC_SAWTOOTH_WAVE' undeclared (first use in this function)
   40 |         case DAC_SAWTOOTH_WAVE:
      |              ^~~~~~~~~~~~~~~~~
/home/matiasnd/awg/ESP_code/components/dac_cont_func/dac_cont_func.c:43:14: error: 'DAC_SQUARE_WAVE' undeclared (first use in this function)
   43 |         case DAC_SQUARE_WAVE:
      |              ^~~~~~~~~~~~~~~
In file included from /home/matiasnd/esp/esp-idf/components/freertos/FreeRTOS-Kernel/include/freertos/FreeRTOS.h:68,
                 from /home/matiasnd/awg/ESP_code/components/dac_cont_func/include/dac_cont_func.h:13,
                 from /home/matiasnd/awg/ESP_code/components/dac_cont_func/dac_cont_func.c:2:
/home/matiasnd/awg/ESP_code/components/dac_cont_func/dac_cont_func.c:50:34: error: 'CONFIG_EXAMPLE_WAVE_PERIOD_SEC' undeclared (first use in this function)
   50 |         vTaskDelay(pdMS_TO_TICKS(CONFIG_EXAMPLE_WAVE_PERIOD_SEC * 1000));
      |                                  ^~~~~~~~~~~~~~~~~~~~~~~~~~~~~~
/home/matiasnd/esp/esp-idf/components/freertos/FreeRTOS-Kernel/include/freertos/projdefs.h:48:81: note: in definition of macro 'pdMS_TO_TICKS'
   48 |     #define pdMS_TO_TICKS( xTimeInMs )    ( ( TickType_t ) ( ( ( TickType_t ) ( xTimeInMs ) * ( TickType_t ) configTICK_RATE_HZ ) / ( TickType_t ) 1000U ) )
      |                                                                                 ^~~~~~~~~
/home/matiasnd/awg/ESP_code/components/dac_cont_func/dac_cont_func.c:52:20: error: 'DAC_WAVE_MAX' undeclared (first use in this function); did you mean 'BC_BASE_MAX'?
   52 |         wav_sel %= DAC_WAVE_MAX;
      |                    ^~~~~~~~~~~~
      |                    BC_BASE_MAX
/home/matiasnd/awg/ESP_code/components/dac_cont_func/dac_cont_func.c:53:9: error: implicit declaration of function 'ESP_LOGI'; did you mean 'ESP_OK'? [-Werror=implicit-function-declaration]
   53 |         ESP_LOGI(TAG, "%s wave start", wav_name[wav_sel]);
      |         ^~~~~~~~
      |         ESP_OK
/home/matiasnd/awg/ESP_code/components/dac_cont_func/dac_cont_func.c:53:18: error: 'TAG' undeclared (first use in this function)
   53 |         ESP_LOGI(TAG, "%s wave start", wav_name[wav_sel]);
      |                  ^~~
/home/matiasnd/awg/ESP_code/components/dac_cont_func/dac_cont_func.c:53:40: error: 'wav_name' undeclared (first use in this function)
   53 |         ESP_LOGI(TAG, "%s wave start", wav_name[wav_sel]);
      |                                        ^~~~~~~~
In file included from /home/matiasnd/esp/esp-idf/components/driver/dac/include/driver/dac_continuous.h:10,
                 from /home/matiasnd/awg/ESP_code/components/dac_cont_func/include/dac_cont_func.h:11:
/home/matiasnd/esp/esp-idf/components/esp_common/include/esp_err.h:22:25: error: 'return' with a value, in function returning void [-Werror=return-type]
   22 | #define ESP_OK          0       /*!< esp_err_t value indicating success (no error) */
      |                         ^
/home/matiasnd/awg/ESP_code/components/dac_cont_func/dac_cont_func.c:56:12: note: in expansion of macro 'ESP_OK'
   56 |     return ESP_OK;
      |            ^~~~~~
/home/matiasnd/awg/ESP_code/components/dac_cont_func/dac_cont_func.c:24:13: note: declared here
   24 | static void dac_dma_write_task(void *args)
      |             ^~~~~~~~~~~~~~~~~~
cc1: some warnings being treated as errors
ninja: build stopped: subcommand failed.
